[2019-09-18T15:02:16.756+08:00] [INFO] [main-1] [com.bfxy.collector.Application] [] [] [] [StartupInfoLogger.java,50,org.springframework.boot.StartupInfoLogger,logStarting] [Starting Application on DESKTOP-BFUP68S with PID 13092 (D:\001_developer\workspace_bufanxueyuan_004\collector\target\classes started by Alienware in D:\001_developer\workspace_bufanxueyuan_004\collector)] ## ''
[2019-09-18T15:02:16.763+08:00] [INFO] [main-1] [com.bfxy.collector.Application] [] [] [] [SpringApplication.java,675,org.springframework.boot.SpringApplication,logStartupProfileInfo] [No active profile set, falling back to default profiles: default] ## ''
[2019-09-18T15:02:17.730+08:00] [INFO] [main-1] [org.springframework.boot.web.embedded.tomcat.TomcatWebServer] [] [] [] [TomcatWebServer.java,90,org.springframework.boot.web.embedded.tomcat.TomcatWebServer,initialize] [Tomcat initialized with port(s): 8001 (http)] ## ''
[2019-09-18T15:02:17.751+08:00] [INFO] [main-1] [org.apache.coyote.http11.Http11NioProtocol] [] [] [] [DirectJDKLog.java,173,org.apache.juli.logging.DirectJDKLog,log] [Initializing ProtocolHandler ["http-nio-8001"]] ## ''
[2019-09-18T15:02:17.762+08:00] [INFO] [main-1] [org.apache.catalina.core.StandardService] [] [] [] [DirectJDKLog.java,173,org.apache.juli.logging.DirectJDKLog,log] [Starting service [Tomcat]] ## ''
[2019-09-18T15:02:17.763+08:00] [INFO] [main-1] [org.apache.catalina.core.StandardEngine] [] [] [] [DirectJDKLog.java,173,org.apache.juli.logging.DirectJDKLog,log] [Starting Servlet engine: [Apache Tomcat/9.0.19]] ## ''
[2019-09-18T15:02:17.849+08:00] [INFO] [main-1] [org.apache.catalina.core.ContainerBase.[Tomcat].[localhost].[/]] [] [] [] [DirectJDKLog.java,173,org.apache.juli.logging.DirectJDKLog,log] [Initializing Spring embedded WebApplicationContext] ## ''
[2019-09-18T15:02:17.850+08:00] [INFO] [main-1] [org.springframework.web.context.ContextLoader] [] [] [] [ServletWebServerApplicationContext.java,296,org.springframework.boot.web.servlet.context.ServletWebServerApplicationContext,prepareWebApplicationContext] [Root WebApplicationContext: initialization completed in 1052 ms] ## ''
[2019-09-18T15:02:18.041+08:00] [INFO] [main-1] [org.springframework.scheduling.concurrent.ThreadPoolTaskExecutor] [] [] [] [ExecutorConfigurationSupport.java,171,org.springframework.scheduling.concurrent.ExecutorConfigurationSupport,initialize] [Initializing ExecutorService 'applicationTaskExecutor'] ## ''
[2019-09-18T15:02:18.177+08:00] [INFO] [main-1] [org.apache.coyote.http11.Http11NioProtocol] [] [] [] [DirectJDKLog.java,173,org.apache.juli.logging.DirectJDKLog,log] [Starting ProtocolHandler ["http-nio-8001"]] ## ''
[2019-09-18T15:02:18.205+08:00] [INFO] [main-1] [org.springframework.boot.web.embedded.tomcat.TomcatWebServer] [] [] [] [TomcatWebServer.java,204,org.springframework.boot.web.embedded.tomcat.TomcatWebServer,start] [Tomcat started on port(s): 8001 (http) with context path ''] ## ''
[2019-09-18T15:02:18.210+08:00] [INFO] [main-1] [com.bfxy.collector.Application] [] [] [] [StartupInfoLogger.java,59,org.springframework.boot.StartupInfoLogger,logStarted] [Started Application in 1.734 seconds (JVM running for 3.037)] ## ''
[2019-09-18T15:02:22.116+08:00] [INFO] [http-nio-8001-exec-1-33] [org.apache.catalina.core.ContainerBase.[Tomcat].[localhost].[/]] [] [] [] [DirectJDKLog.java,173,org.apache.juli.logging.DirectJDKLog,log] [Initializing Spring DispatcherServlet 'dispatcherServlet'] ## ''
[2019-09-18T15:02:22.116+08:00] [INFO] [http-nio-8001-exec-1-33] [org.springframework.web.servlet.DispatcherServlet] [] [] [] [FrameworkServlet.java,524,org.springframework.web.servlet.FrameworkServlet,initServletBean] [Initializing Servlet 'dispatcherServlet'] ## ''
[2019-09-18T15:02:22.122+08:00] [INFO] [http-nio-8001-exec-1-33] [org.springframework.web.servlet.DispatcherServlet] [] [] [] [FrameworkServlet.java,546,org.springframework.web.servlet.FrameworkServlet,initServletBean] [Completed initialization in 5 ms] ## ''
[2019-09-18T15:02:22.554+08:00] [INFO] [http-nio-8001-exec-1-33] [com.bfxy.collector.web.IndexController] [DESKTOP-BFUP68S] [192.168.11.35] [collector] [IndexController.java,42,com.bfxy.collector.web.IndexController,index] [我是一条info日志] ## ''
[2019-09-18T15:02:22.555+08:00] [WARN] [http-nio-8001-exec-1-33] [com.bfxy.collector.web.IndexController] [DESKTOP-BFUP68S] [192.168.11.35] [collector] [IndexController.java,44,com.bfxy.collector.web.IndexController,index] [我是一条warn日志] ## ''
[2019-09-18T15:02:22.555+08:00] [ERROR] [http-nio-8001-exec-1-33] [com.bfxy.collector.web.IndexController] [DESKTOP-BFUP68S] [192.168.11.35] [collector] [IndexController.java,46,com.bfxy.collector.web.IndexController,index] [我是一条error日志] ## ''
[2019-09-18T15:02:26.554+08:00] [ERROR] [http-nio-8001-exec-2-34] [com.bfxy.collector.web.IndexController] [DESKTOP-BFUP68S] [192.168.11.35] [collector] [IndexController.java,58,com.bfxy.collector.web.IndexController,err] [算术异常] ## ' java.lang.ArithmeticException: / by zero
	at com.bfxy.collector.web.IndexController.err(IndexController.java:56)
	at sun.reflect.NativeMethodAccessorImpl.invoke0(Native Method)
	at sun.reflect.NativeMethodAccessorImpl.invoke(NativeMethodAccessorImpl.java:62)
	at sun.reflect.DelegatingMethodAccessorImpl.invoke(DelegatingMethodAccessorImpl.java:43)
	at java.lang.reflect.Method.invoke(Method.java:498)
	at org.springframework.web.method.support.InvocableHandlerMethod.doInvoke(InvocableHandlerMethod.java:190)
	at org.springframework.web.method.support.InvocableHandlerMethod.invokeForRequest(InvocableHandlerMethod.java:138)
	at org.springframework.web.servlet.mvc.method.annotation.ServletInvocableHandlerMethod.invokeAndHandle(ServletInvocableHandlerMethod.java:104)
	at org.springframework.web.servlet.mvc.method.annotation.RequestMappingHandlerAdapter.invokeHandlerMethod(RequestMappingHandlerAdapter.java:892)
	at org.springframework.web.servlet.mvc.method.annotation.RequestMappingHandlerAdapter.handleInternal(RequestMappingHandlerAdapter.java:797)
	at org.springframework.web.servlet.mvc.method.AbstractHandlerMethodAdapter.handle(AbstractHandlerMethodAdapter.java:87)
	at org.springframework.web.servlet.DispatcherServlet.doDispatch(DispatcherServlet.java:1039)
	at org.springframework.web.servlet.DispatcherServlet.doService(DispatcherServlet.java:942)
	at org.springframework.web.servlet.FrameworkServlet.processRequest(FrameworkServlet.java:1005)
	at org.springframework.web.servlet.FrameworkServlet.doGet(FrameworkServlet.java:897)
	at javax.servlet.http.HttpServlet.service(HttpServlet.java:634)
	at org.springframework.web.servlet.FrameworkServlet.service(FrameworkServlet.java:882)
	at javax.servlet.http.HttpServlet.service(HttpServlet.java:741)
	at org.apache.catalina.core.ApplicationFilterChain.internalDoFilter(ApplicationFilterChain.java:231)
	at org.apache.catalina.core.ApplicationFilterChain.doFilter(ApplicationFilterChain.java:166)
	at org.apache.tomcat.websocket.server.WsFilter.doFilter(WsFilter.java:53)
	at org.apache.catalina.core.ApplicationFilterChain.internalDoFilter(ApplicationFilterChain.java:193)
	at org.apache.catalina.core.ApplicationFilterChain.doFilter(ApplicationFilterChain.java:166)
	at org.springframework.web.filter.RequestContextFilter.doFilterInternal(RequestContextFilter.java:99)
	at org.springframework.web.filter.OncePerRequestFilter.doFilter(OncePerRequestFilter.java:107)
	at org.apache.catalina.core.ApplicationFilterChain.internalDoFilter(ApplicationFilterChain.java:193)
	at org.apache.catalina.core.ApplicationFilterChain.doFilter(ApplicationFilterChain.java:166)
	at org.springframework.web.filter.FormContentFilter.doFilterInternal(FormContentFilter.java:92)
	at org.springframework.web.filter.OncePerRequestFilter.doFilter(OncePerRequestFilter.java:107)
	at org.apache.catalina.core.ApplicationFilterChain.internalDoFilter(ApplicationFilterChain.java:193)
	at org.apache.catalina.core.ApplicationFilterChain.doFilter(ApplicationFilterChain.java:166)
	at org.springframework.web.filter.HiddenHttpMethodFilter.doFilterInternal(HiddenHttpMethodFilter.java:93)
	at org.springframework.web.filter.OncePerRequestFilter.doFilter(OncePerRequestFilter.java:107)
	at org.apache.catalina.core.ApplicationFilterChain.internalDoFilter(ApplicationFilterChain.java:193)
	at org.apache.catalina.core.ApplicationFilterChain.doFilter(ApplicationFilterChain.java:166)
	at org.springframework.web.filter.CharacterEncodingFilter.doFilterInternal(CharacterEncodingFilter.java:200)
	at org.springframework.web.filter.OncePerRequestFilter.doFilter(OncePerRequestFilter.java:107)
	at org.apache.catalina.core.ApplicationFilterChain.internalDoFilter(ApplicationFilterChain.java:193)
	at org.apache.catalina.core.ApplicationFilterChain.doFilter(ApplicationFilterChain.java:166)
	at org.apache.catalina.core.StandardWrapperValve.invoke(StandardWrapperValve.java:200)
	at org.apache.catalina.core.StandardContextValve.invoke(StandardContextValve.java:96)
	at org.apache.catalina.authenticator.AuthenticatorBase.invoke(AuthenticatorBase.java:490)
	at org.apache.catalina.core.StandardHostValve.invoke(StandardHostValve.java:139)
	at org.apache.catalina.valves.ErrorReportValve.invoke(ErrorReportValve.java:92)
	at org.apache.catalina.core.StandardEngineValve.invoke(StandardEngineValve.java:74)
	at org.apache.catalina.connector.CoyoteAdapter.service(CoyoteAdapter.java:343)
	at org.apache.coyote.http11.Http11Processor.service(Http11Processor.java:408)
	at org.apache.coyote.AbstractProcessorLight.process(AbstractProcessorLight.java:66)
	at org.apache.coyote.AbstractProtocol$ConnectionHandler.process(AbstractProtocol.java:836)
	at org.apache.tomcat.util.net.NioEndpoint$SocketProcessor.doRun(NioEndpoint.java:1747)
	at org.apache.tomcat.util.net.SocketProcessorBase.run(SocketProcessorBase.java:49)
	at java.util.concurrent.ThreadPoolExecutor.runWorker(ThreadPoolExecutor.java:1142)
	at java.util.concurrent.ThreadPoolExecutor$Worker.run(ThreadPoolExecutor.java:617)
	at org.apache.tomcat.util.threads.TaskThread$WrappingRunnable.run(TaskThread.java:61)
	at java.lang.Thread.run(Thread.java:745)
'
[2019-09-18T15:04:07.829+08:00] [INFO] [RMI TCP Connection(15)-127.0.0.1-29] [org.springframework.boot.admin.SpringApplicationAdminMXBeanRegistrar$SpringApplicationAdmin] [] [] [] [SpringApplicationAdminMXBeanRegistrar.java,163,org.springframework.boot.admin.SpringApplicationAdminMXBeanRegistrar$SpringApplicationAdmin,shutdown] [Application shutdown requested.] ## ''
[2019-09-18T15:04:07.832+08:00] [INFO] [RMI TCP Connection(15)-127.0.0.1-29] [org.springframework.scheduling.concurrent.ThreadPoolTaskExecutor] [] [] [] [ExecutorConfigurationSupport.java,208,org.springframework.scheduling.concurrent.ExecutorConfigurationSupport,shutdown] [Shutting down ExecutorService 'applicationTaskExecutor'] ## ''
